
=== Mon Apr  7 18:47:03 2025

Packages were changed.
Update Mode: updateDependencies

The following packages were updated:
  com.unity.ide.rider from version 1.2.1 to 2.0.7
  com.unity.ide.visualstudio from version 2.0.2 to 2.0.5
  com.unity.ide.vscode from version 1.2.1 to 1.2.3
  com.unity.test-framework from version 1.1.16 to 1.1.20

=== Wed Oct 29 17:26:47 2025

Packages were changed.
Update Mode: updateDependencies

The following packages were added:
  com.unity.ai.navigation@2.0.9
  com.unity.modules.accessibility@1.0.0
  com.unity.multiplayer.center@1.0.0
The following packages were updated:
  com.unity.collab-proxy from version 1.3.9 to 2.9.3
  com.unity.ide.rider from version 2.0.7 to 3.0.38
  com.unity.ide.visualstudio from version 2.0.5 to 2.0.23
  com.unity.test-framework from version 1.1.20 to 1.6.0
  com.unity.timeline from version 1.3.6 to 1.8.9
  com.unity.ugui from version 1.0.0 to 2.0.0
The following packages were removed:
  com.unity.textmeshpro@3.0.1
